The system is: Linux - 5.15.74.2-microsoft-standard-WSL2 - x86_64
Compiling the CXX compiler identification source file "CMakeCXXCompilerId.cpp" succeeded.
Compiler: /usr/local/bin/c++ 
Build flags: 
Id flags:  

The output was:
0


Compilation of the CXX compiler identification source "CMakeCXXCompilerId.cpp" produced "a.out"

The CXX compiler identification is GNU, found in "/home/eden/CollegeLearningRepo/DS_CurriculumDesign/BusRouteQuery/cmake-build-debug/CMakeFiles/3.22.1/CompilerIdCXX/a.out"

Compiling the C compiler identification source file "CMakeCCompilerId.c" succeeded.
Compiler: /usr/local/bin/gcc 
Build flags: 
Id flags:  

The output was:
0


Compilation of the C compiler identification source "CMakeCCompilerId.c" produced "a.out"

The C compiler identification is GNU, found in "/home/eden/CollegeLearningRepo/DS_CurriculumDesign/BusRouteQuery/cmake-build-debug/CMakeFiles/3.22.1/CompilerIdC/a.out"

Detecting CXX compiler ABI info compiled with the following output:
Change Dir: /home/eden/CollegeLearningRepo/DS_CurriculumDesign/BusRouteQuery/cmake-build-debug/CMakeFiles/CMakeTmp

Run Build Command(s):/usr/bin/gmake -f Makefile cmTC_e0991/fast && /usr/bin/gmake  -f CMakeFiles/cmTC_e0991.dir/build.make CMakeFiles/cmTC_e0991.dir/build
gmake[1]: Entering directory '/home/eden/CollegeLearningRepo/DS_CurriculumDesign/BusRouteQuery/cmake-build-debug/CMakeFiles/CMakeTmp'
Building CXX object CMakeFiles/cmTC_e0991.dir/CMakeCXXCompilerABI.cpp.o
/usr/local/bin/c++   -v -o CMakeFiles/cmTC_e0991.dir/CMakeCXXCompilerABI.cpp.o -c /usr/share/cmake-3.22/Modules/CMakeCXXCompilerABI.cpp
Using built-in specs.
COLLECT_GCC=/usr/local/bin/c++
Target: x86_64-linux-gnu
Configured with: ../configure -v --build=x86_64-linux-gnu --host=x86_64-linux-gnu --target=x86_64-linux-gnu --enable-checking=no --enable-languages=c,c++ --disable-multilib --prefix=/usr/local --disable-bootstrap
Thread model: posix
Supported LTO compression algorithms: zlib
gcc version 13.0.0 20221029 (experimental) (GCC) 
COLLECT_GCC_OPTIONS='-v' '-o' 'CMakeFiles/cmTC_e0991.dir/CMakeCXXCompilerABI.cpp.o' '-c' '-shared-libgcc' '-mtune=generic' '-march=x86-64' '-dumpdir' 'CMakeFiles/cmTC_e0991.dir/'
 /usr/local/libexec/gcc/x86_64-linux-gnu/13.0.0/cc1plus -quiet -v -imultiarch x86_64-linux-gnu -D_GNU_SOURCE /usr/share/cmake-3.22/Modules/CMakeCXXCompilerABI.cpp -quiet -dumpdir CMakeFiles/cmTC_e0991.dir/ -dumpbase CMakeCXXCompilerABI.cpp.cpp -dumpbase-ext .cpp -mtune=generic -march=x86-64 -version -o /tmp/ccDKhWos.s
GNU C++17 (GCC) version 13.0.0 20221029 (experimental) (x86_64-linux-gnu)
	compiled by GNU C version 11.3.0, GMP version 6.2.1, MPFR version 4.1.0, MPC version 1.2.1, isl version isl-0.24-GMP

GGC heuristics: --param ggc-min-expand=100 --param ggc-min-heapsize=131072
ignoring nonexistent directory "/usr/local/include/x86_64-linux-gnu"
ignoring nonexistent directory "/usr/local/lib/gcc/x86_64-linux-gnu/13.0.0/../../../../x86_64-linux-gnu/include"
#include "..." search starts here:
#include <...> search starts here:
 /usr/local/lib/gcc/x86_64-linux-gnu/13.0.0/../../../../include/c++/13.0.0
 /usr/local/lib/gcc/x86_64-linux-gnu/13.0.0/../../../../include/c++/13.0.0/x86_64-linux-gnu
 /usr/local/lib/gcc/x86_64-linux-gnu/13.0.0/../../../../include/c++/13.0.0/backward
 /usr/local/lib/gcc/x86_64-linux-gnu/13.0.0/include
 /usr/local/include
 /usr/local/lib/gcc/x86_64-linux-gnu/13.0.0/include-fixed/x86_64-linux-gnu
 /usr/local/lib/gcc/x86_64-linux-gnu/13.0.0/include-fixed
 /usr/include/x86_64-linux-gnu
 /usr/include
End of search list.
GNU C++17 (GCC) version 13.0.0 20221029 (experimental) (x86_64-linux-gnu)
	compiled by GNU C version 11.3.0, GMP version 6.2.1, MPFR version 4.1.0, MPC version 1.2.1, isl version isl-0.24-GMP

GGC heuristics: --param ggc-min-expand=100 --param ggc-min-heapsize=131072
Compiler executable checksum: ae67b86d9b74ba614c813ea639374fb5
COLLECT_GCC_OPTIONS='-v' '-o' 'CMakeFiles/cmTC_e0991.dir/CMakeCXXCompilerABI.cpp.o' '-c' '-shared-libgcc' '-mtune=generic' '-march=x86-64' '-dumpdir' 'CMakeFiles/cmTC_e0991.dir/'
 as -v --64 -o CMakeFiles/cmTC_e0991.dir/CMakeCXXCompilerABI.cpp.o /tmp/ccDKhWos.s
GNU assembler version 2.38 (x86_64-linux-gnu) using BFD version (GNU Binutils for Ubuntu) 2.38
COMPILER_PATH=/usr/local/libexec/gcc/x86_64-linux-gnu/13.0.0/:/usr/local/libexec/gcc/x86_64-linux-gnu/13.0.0/:/usr/local/libexec/gcc/x86_64-linux-gnu/:/usr/local/lib/gcc/x86_64-linux-gnu/13.0.0/:/usr/local/lib/gcc/x86_64-linux-gnu/
LIBRARY_PATH=/usr/local/lib/gcc/x86_64-linux-gnu/13.0.0/:/usr/local/lib/gcc/x86_64-linux-gnu/13.0.0/../../../../lib64/:/lib/x86_64-linux-gnu/:/lib/../lib64/:/usr/lib/x86_64-linux-gnu/:/usr/lib/../lib64/:/usr/local/lib/gcc/x86_64-linux-gnu/13.0.0/../../../:/lib/:/usr/lib/
COLLECT_GCC_OPTIONS='-v' '-o' 'CMakeFiles/cmTC_e0991.dir/CMakeCXXCompilerABI.cpp.o' '-c' '-shared-libgcc' '-mtune=generic' '-march=x86-64' '-dumpdir' 'CMakeFiles/cmTC_e0991.dir/CMakeCXXCompilerABI.cpp.'
Linking CXX executable cmTC_e0991
/usr/bin/cmake -E cmake_link_script CMakeFiles/cmTC_e0991.dir/link.txt --verbose=1
/usr/local/bin/c++  -v CMakeFiles/cmTC_e0991.dir/CMakeCXXCompilerABI.cpp.o -o cmTC_e0991 
Using built-in specs.
COLLECT_GCC=/usr/local/bin/c++
COLLECT_LTO_WRAPPER=/usr/local/libexec/gcc/x86_64-linux-gnu/13.0.0/lto-wrapper
Target: x86_64-linux-gnu
Configured with: ../configure -v --build=x86_64-linux-gnu --host=x86_64-linux-gnu --target=x86_64-linux-gnu --enable-checking=no --enable-languages=c,c++ --disable-multilib --prefix=/usr/local --disable-bootstrap
Thread model: posix
Supported LTO compression algorithms: zlib
gcc version 13.0.0 20221029 (experimental) (GCC) 
COMPILER_PATH=/usr/local/libexec/gcc/x86_64-linux-gnu/13.0.0/:/usr/local/libexec/gcc/x86_64-linux-gnu/13.0.0/:/usr/local/libexec/gcc/x86_64-linux-gnu/:/usr/local/lib/gcc/x86_64-linux-gnu/13.0.0/:/usr/local/lib/gcc/x86_64-linux-gnu/
LIBRARY_PATH=/usr/local/lib/gcc/x86_64-linux-gnu/13.0.0/:/usr/local/lib/gcc/x86_64-linux-gnu/13.0.0/../../../../lib64/:/lib/x86_64-linux-gnu/:/lib/../lib64/:/usr/lib/x86_64-linux-gnu/:/usr/lib/../lib64/:/usr/local/lib/gcc/x86_64-linux-gnu/13.0.0/../../../:/lib/:/usr/lib/
COLLECT_GCC_OPTIONS='-v' '-o' 'cmTC_e0991' '-shared-libgcc' '-mtune=generic' '-march=x86-64' '-dumpdir' 'cmTC_e0991.'
 /usr/local/libexec/gcc/x86_64-linux-gnu/13.0.0/collect2 -plugin /usr/local/libexec/gcc/x86_64-linux-gnu/13.0.0/liblto_plugin.so -plugin-opt=/usr/local/libexec/gcc/x86_64-linux-gnu/13.0.0/lto-wrapper -plugin-opt=-fresolution=/tmp/ccfuriKd.res -plugin-opt=-pass-through=-lgcc_s -plugin-opt=-pass-through=-lgcc -plugin-opt=-pass-through=-lc -plugin-opt=-pass-through=-lgcc_s -plugin-opt=-pass-through=-lgcc --eh-frame-hdr -m elf_x86_64 -dynamic-linker /lib64/ld-linux-x86-64.so.2 -o cmTC_e0991 /lib/x86_64-linux-gnu/crt1.o /lib/x86_64-linux-gnu/crti.o /usr/local/lib/gcc/x86_64-linux-gnu/13.0.0/crtbegin.o -L/usr/local/lib/gcc/x86_64-linux-gnu/13.0.0 -L/usr/local/lib/gcc/x86_64-linux-gnu/13.0.0/../../../../lib64 -L/lib/x86_64-linux-gnu -L/lib/../lib64 -L/usr/lib/x86_64-linux-gnu -L/usr/lib/../lib64 -L/usr/local/lib/gcc/x86_64-linux-gnu/13.0.0/../../.. CMakeFiles/cmTC_e0991.dir/CMakeCXXCompilerABI.cpp.o -lstdc++ -lm -lgcc_s -lgcc -lc -lgcc_s -lgcc /usr/local/lib/gcc/x86_64-linux-gnu/13.0.0/crtend.o /lib/x86_64-linux-gnu/crtn.o
COLLECT_GCC_OPTIONS='-v' '-o' 'cmTC_e0991' '-shared-libgcc' '-mtune=generic' '-march=x86-64' '-dumpdir' 'cmTC_e0991.'
gmake[1]: Leaving directory '/home/eden/CollegeLearningRepo/DS_CurriculumDesign/BusRouteQuery/cmake-build-debug/CMakeFiles/CMakeTmp'



Parsed CXX implicit include dir info from above output: rv=done
  found start of include info
  found start of implicit include info
    add: [/usr/local/lib/gcc/x86_64-linux-gnu/13.0.0/../../../../include/c++/13.0.0]
    add: [/usr/local/lib/gcc/x86_64-linux-gnu/13.0.0/../../../../include/c++/13.0.0/x86_64-linux-gnu]
    add: [/usr/local/lib/gcc/x86_64-linux-gnu/13.0.0/../../../../include/c++/13.0.0/backward]
    add: [/usr/local/lib/gcc/x86_64-linux-gnu/13.0.0/include]
    add: [/usr/local/include]
    add: [/usr/local/lib/gcc/x86_64-linux-gnu/13.0.0/include-fixed/x86_64-linux-gnu]
    add: [/usr/local/lib/gcc/x86_64-linux-gnu/13.0.0/include-fixed]
    add: [/usr/include/x86_64-linux-gnu]
    add: [/usr/include]
  end of search list found
  collapse include dir [/usr/local/lib/gcc/x86_64-linux-gnu/13.0.0/../../../../include/c++/13.0.0] ==> [/usr/local/include/c++/13.0.0]
  collapse include dir [/usr/local/lib/gcc/x86_64-linux-gnu/13.0.0/../../../../include/c++/13.0.0/x86_64-linux-gnu] ==> [/usr/local/include/c++/13.0.0/x86_64-linux-gnu]
  collapse include dir [/usr/local/lib/gcc/x86_64-linux-gnu/13.0.0/../../../../include/c++/13.0.0/backward] ==> [/usr/local/include/c++/13.0.0/backward]
  collapse include dir [/usr/local/lib/gcc/x86_64-linux-gnu/13.0.0/include] ==> [/usr/local/lib/gcc/x86_64-linux-gnu/13.0.0/include]
  collapse include dir [/usr/local/include] ==> [/usr/local/include]
  collapse include dir [/usr/local/lib/gcc/x86_64-linux-gnu/13.0.0/include-fixed/x86_64-linux-gnu] ==> [/usr/local/lib/gcc/x86_64-linux-gnu/13.0.0/include-fixed/x86_64-linux-gnu]
  collapse include dir [/usr/local/lib/gcc/x86_64-linux-gnu/13.0.0/include-fixed] ==> [/usr/local/lib/gcc/x86_64-linux-gnu/13.0.0/include-fixed]
  collapse include dir [/usr/include/x86_64-linux-gnu] ==> [/usr/include/x86_64-linux-gnu]
  collapse include dir [/usr/include] ==> [/usr/include]
  implicit include dirs: [/usr/local/include/c++/13.0.0;/usr/local/include/c++/13.0.0/x86_64-linux-gnu;/usr/local/include/c++/13.0.0/backward;/usr/local/lib/gcc/x86_64-linux-gnu/13.0.0/include;/usr/local/include;/usr/local/lib/gcc/x86_64-linux-gnu/13.0.0/include-fixed/x86_64-linux-gnu;/usr/local/lib/gcc/x86_64-linux-gnu/13.0.0/include-fixed;/usr/include/x86_64-linux-gnu;/usr/include]


Parsed CXX implicit link information from above output:
  link line regex: [^( *|.*[/\])(ld|CMAKE_LINK_STARTFILE-NOTFOUND|([^/\]+-)?ld|collect2)[^/\]*( |$)]
  ignore line: [Change Dir: /home/eden/CollegeLearningRepo/DS_CurriculumDesign/BusRouteQuery/cmake-build-debug/CMakeFiles/CMakeTmp]
  ignore line: []
  ignore line: [Run Build Command(s):/usr/bin/gmake -f Makefile cmTC_e0991/fast && /usr/bin/gmake  -f CMakeFiles/cmTC_e0991.dir/build.make CMakeFiles/cmTC_e0991.dir/build]
  ignore line: [gmake[1]: Entering directory '/home/eden/CollegeLearningRepo/DS_CurriculumDesign/BusRouteQuery/cmake-build-debug/CMakeFiles/CMakeTmp']
  ignore line: [Building CXX object CMakeFiles/cmTC_e0991.dir/CMakeCXXCompilerABI.cpp.o]
  ignore line: [/usr/local/bin/c++   -v -o CMakeFiles/cmTC_e0991.dir/CMakeCXXCompilerABI.cpp.o -c /usr/share/cmake-3.22/Modules/CMakeCXXCompilerABI.cpp]
  ignore line: [Using built-in specs.]
  ignore line: [COLLECT_GCC=/usr/local/bin/c++]
  ignore line: [Target: x86_64-linux-gnu]
  ignore line: [Configured with: ../configure -v --build=x86_64-linux-gnu --host=x86_64-linux-gnu --target=x86_64-linux-gnu --enable-checking=no --enable-languages=c c++ --disable-multilib --prefix=/usr/local --disable-bootstrap]
  ignore line: [Thread model: posix]
  ignore line: [Supported LTO compression algorithms: zlib]
  ignore line: [gcc version 13.0.0 20221029 (experimental) (GCC) ]
  ignore line: [COLLECT_GCC_OPTIONS='-v' '-o' 'CMakeFiles/cmTC_e0991.dir/CMakeCXXCompilerABI.cpp.o' '-c' '-shared-libgcc' '-mtune=generic' '-march=x86-64' '-dumpdir' 'CMakeFiles/cmTC_e0991.dir/']
  ignore line: [ /usr/local/libexec/gcc/x86_64-linux-gnu/13.0.0/cc1plus -quiet -v -imultiarch x86_64-linux-gnu -D_GNU_SOURCE /usr/share/cmake-3.22/Modules/CMakeCXXCompilerABI.cpp -quiet -dumpdir CMakeFiles/cmTC_e0991.dir/ -dumpbase CMakeCXXCompilerABI.cpp.cpp -dumpbase-ext .cpp -mtune=generic -march=x86-64 -version -o /tmp/ccDKhWos.s]
  ignore line: [GNU C++17 (GCC) version 13.0.0 20221029 (experimental) (x86_64-linux-gnu)]
  ignore line: [	compiled by GNU C version 11.3.0  GMP version 6.2.1  MPFR version 4.1.0  MPC version 1.2.1  isl version isl-0.24-GMP]
  ignore line: []
  ignore line: [GGC heuristics: --param ggc-min-expand=100 --param ggc-min-heapsize=131072]
  ignore line: [ignoring nonexistent directory "/usr/local/include/x86_64-linux-gnu"]
  ignore line: [ignoring nonexistent directory "/usr/local/lib/gcc/x86_64-linux-gnu/13.0.0/../../../../x86_64-linux-gnu/include"]
  ignore line: [#include "..." search starts here:]
  ignore line: [#include <...> search starts here:]
  ignore line: [ /usr/local/lib/gcc/x86_64-linux-gnu/13.0.0/../../../../include/c++/13.0.0]
  ignore line: [ /usr/local/lib/gcc/x86_64-linux-gnu/13.0.0/../../../../include/c++/13.0.0/x86_64-linux-gnu]
  ignore line: [ /usr/local/lib/gcc/x86_64-linux-gnu/13.0.0/../../../../include/c++/13.0.0/backward]
  ignore line: [ /usr/local/lib/gcc/x86_64-linux-gnu/13.0.0/include]
  ignore line: [ /usr/local/include]
  ignore line: [ /usr/local/lib/gcc/x86_64-linux-gnu/13.0.0/include-fixed/x86_64-linux-gnu]
  ignore line: [ /usr/local/lib/gcc/x86_64-linux-gnu/13.0.0/include-fixed]
  ignore line: [ /usr/include/x86_64-linux-gnu]
  ignore line: [ /usr/include]
  ignore line: [End of search list.]
  ignore line: [GNU C++17 (GCC) version 13.0.0 20221029 (experimental) (x86_64-linux-gnu)]
  ignore line: [	compiled by GNU C version 11.3.0  GMP version 6.2.1  MPFR version 4.1.0  MPC version 1.2.1  isl version isl-0.24-GMP]
  ignore line: []
  ignore line: [GGC heuristics: --param ggc-min-expand=100 --param ggc-min-heapsize=131072]
  ignore line: [Compiler executable checksum: ae67b86d9b74ba614c813ea639374fb5]
  ignore line: [COLLECT_GCC_OPTIONS='-v' '-o' 'CMakeFiles/cmTC_e0991.dir/CMakeCXXCompilerABI.cpp.o' '-c' '-shared-libgcc' '-mtune=generic' '-march=x86-64' '-dumpdir' 'CMakeFiles/cmTC_e0991.dir/']
  ignore line: [ as -v --64 -o CMakeFiles/cmTC_e0991.dir/CMakeCXXCompilerABI.cpp.o /tmp/ccDKhWos.s]
  ignore line: [GNU assembler version 2.38 (x86_64-linux-gnu) using BFD version (GNU Binutils for Ubuntu) 2.38]
  ignore line: [COMPILER_PATH=/usr/local/libexec/gcc/x86_64-linux-gnu/13.0.0/:/usr/local/libexec/gcc/x86_64-linux-gnu/13.0.0/:/usr/local/libexec/gcc/x86_64-linux-gnu/:/usr/local/lib/gcc/x86_64-linux-gnu/13.0.0/:/usr/local/lib/gcc/x86_64-linux-gnu/]
  ignore line: [LIBRARY_PATH=/usr/local/lib/gcc/x86_64-linux-gnu/13.0.0/:/usr/local/lib/gcc/x86_64-linux-gnu/13.0.0/../../../../lib64/:/lib/x86_64-linux-gnu/:/lib/../lib64/:/usr/lib/x86_64-linux-gnu/:/usr/lib/../lib64/:/usr/local/lib/gcc/x86_64-linux-gnu/13.0.0/../../../:/lib/:/usr/lib/]
  ignore line: [COLLECT_GCC_OPTIONS='-v' '-o' 'CMakeFiles/cmTC_e0991.dir/CMakeCXXCompilerABI.cpp.o' '-c' '-shared-libgcc' '-mtune=generic' '-march=x86-64' '-dumpdir' 'CMakeFiles/cmTC_e0991.dir/CMakeCXXCompilerABI.cpp.']
  ignore line: [Linking CXX executable cmTC_e0991]
  ignore line: [/usr/bin/cmake -E cmake_link_script CMakeFiles/cmTC_e0991.dir/link.txt --verbose=1]
  ignore line: [/usr/local/bin/c++  -v CMakeFiles/cmTC_e0991.dir/CMakeCXXCompilerABI.cpp.o -o cmTC_e0991 ]
  ignore line: [Using built-in specs.]
  ignore line: [COLLECT_GCC=/usr/local/bin/c++]
  ignore line: [COLLECT_LTO_WRAPPER=/usr/local/libexec/gcc/x86_64-linux-gnu/13.0.0/lto-wrapper]
  ignore line: [Target: x86_64-linux-gnu]
  ignore line: [Configured with: ../configure -v --build=x86_64-linux-gnu --host=x86_64-linux-gnu --target=x86_64-linux-gnu --enable-checking=no --enable-languages=c c++ --disable-multilib --prefix=/usr/local --disable-bootstrap]
  ignore line: [Thread model: posix]
  ignore line: [Supported LTO compression algorithms: zlib]
  ignore line: [gcc version 13.0.0 20221029 (experimental) (GCC) ]
  ignore line: [COMPILER_PATH=/usr/local/libexec/gcc/x86_64-linux-gnu/13.0.0/:/usr/local/libexec/gcc/x86_64-linux-gnu/13.0.0/:/usr/local/libexec/gcc/x86_64-linux-gnu/:/usr/local/lib/gcc/x86_64-linux-gnu/13.0.0/:/usr/local/lib/gcc/x86_64-linux-gnu/]
  ignore line: [LIBRARY_PATH=/usr/local/lib/gcc/x86_64-linux-gnu/13.0.0/:/usr/local/lib/gcc/x86_64-linux-gnu/13.0.0/../../../../lib64/:/lib/x86_64-linux-gnu/:/lib/../lib64/:/usr/lib/x86_64-linux-gnu/:/usr/lib/../lib64/:/usr/local/lib/gcc/x86_64-linux-gnu/13.0.0/../../../:/lib/:/usr/lib/]
  ignore line: [COLLECT_GCC_OPTIONS='-v' '-o' 'cmTC_e0991' '-shared-libgcc' '-mtune=generic' '-march=x86-64' '-dumpdir' 'cmTC_e0991.']
  link line: [ /usr/local/libexec/gcc/x86_64-linux-gnu/13.0.0/collect2 -plugin /usr/local/libexec/gcc/x86_64-linux-gnu/13.0.0/liblto_plugin.so -plugin-opt=/usr/local/libexec/gcc/x86_64-linux-gnu/13.0.0/lto-wrapper -plugin-opt=-fresolution=/tmp/ccfuriKd.res -plugin-opt=-pass-through=-lgcc_s -plugin-opt=-pass-through=-lgcc -plugin-opt=-pass-through=-lc -plugin-opt=-pass-through=-lgcc_s -plugin-opt=-pass-through=-lgcc --eh-frame-hdr -m elf_x86_64 -dynamic-linker /lib64/ld-linux-x86-64.so.2 -o cmTC_e0991 /lib/x86_64-linux-gnu/crt1.o /lib/x86_64-linux-gnu/crti.o /usr/local/lib/gcc/x86_64-linux-gnu/13.0.0/crtbegin.o -L/usr/local/lib/gcc/x86_64-linux-gnu/13.0.0 -L/usr/local/lib/gcc/x86_64-linux-gnu/13.0.0/../../../../lib64 -L/lib/x86_64-linux-gnu -L/lib/../lib64 -L/usr/lib/x86_64-linux-gnu -L/usr/lib/../lib64 -L/usr/local/lib/gcc/x86_64-linux-gnu/13.0.0/../../.. CMakeFiles/cmTC_e0991.dir/CMakeCXXCompilerABI.cpp.o -lstdc++ -lm -lgcc_s -lgcc -lc -lgcc_s -lgcc /usr/local/lib/gcc/x86_64-linux-gnu/13.0.0/crtend.o /lib/x86_64-linux-gnu/crtn.o]
    arg [/usr/local/libexec/gcc/x86_64-linux-gnu/13.0.0/collect2] ==> ignore
    arg [-plugin] ==> ignore
    arg [/usr/local/libexec/gcc/x86_64-linux-gnu/13.0.0/liblto_plugin.so] ==> ignore
    arg [-plugin-opt=/usr/local/libexec/gcc/x86_64-linux-gnu/13.0.0/lto-wrapper] ==> ignore
    arg [-plugin-opt=-fresolution=/tmp/ccfuriKd.res] ==> ignore
    arg [-plugin-opt=-pass-through=-lgcc_s] ==> ignore
    arg [-plugin-opt=-pass-through=-lgcc] ==> ignore
    arg [-plugin-opt=-pass-through=-lc] ==> ignore
    arg [-plugin-opt=-pass-through=-lgcc_s] ==> ignore
    arg [-plugin-opt=-pass-through=-lgcc] ==> ignore
    arg [--eh-frame-hdr] ==> ignore
    arg [-m] ==> ignore
    arg [elf_x86_64] ==> ignore
    arg [-dynamic-linker] ==> ignore
    arg [/lib64/ld-linux-x86-64.so.2] ==> ignore
    arg [-o] ==> ignore
    arg [cmTC_e0991] ==> ignore
    arg [/lib/x86_64-linux-gnu/crt1.o] ==> obj [/lib/x86_64-linux-gnu/crt1.o]
    arg [/lib/x86_64-linux-gnu/crti.o] ==> obj [/lib/x86_64-linux-gnu/crti.o]
    arg [/usr/local/lib/gcc/x86_64-linux-gnu/13.0.0/crtbegin.o] ==> obj [/usr/local/lib/gcc/x86_64-linux-gnu/13.0.0/crtbegin.o]
    arg [-L/usr/local/lib/gcc/x86_64-linux-gnu/13.0.0] ==> dir [/usr/local/lib/gcc/x86_64-linux-gnu/13.0.0]
    arg [-L/usr/local/lib/gcc/x86_64-linux-gnu/13.0.0/../../../../lib64] ==> dir [/usr/local/lib/gcc/x86_64-linux-gnu/13.0.0/../../../../lib64]
    arg [-L/lib/x86_64-linux-gnu] ==> dir [/lib/x86_64-linux-gnu]
    arg [-L/lib/../lib64] ==> dir [/lib/../lib64]
    arg [-L/usr/lib/x86_64-linux-gnu] ==> dir [/usr/lib/x86_64-linux-gnu]
    arg [-L/usr/lib/../lib64] ==> dir [/usr/lib/../lib64]
    arg [-L/usr/local/lib/gcc/x86_64-linux-gnu/13.0.0/../../..] ==> dir [/usr/local/lib/gcc/x86_64-linux-gnu/13.0.0/../../..]
    arg [CMakeFiles/cmTC_e0991.dir/CMakeCXXCompilerABI.cpp.o] ==> ignore
    arg [-lstdc++] ==> lib [stdc++]
    arg [-lm] ==> lib [m]
    arg [-lgcc_s] ==> lib [gcc_s]
    arg [-lgcc] ==> lib [gcc]
    arg [-lc] ==> lib [c]
    arg [-lgcc_s] ==> lib [gcc_s]
    arg [-lgcc] ==> lib [gcc]
    arg [/usr/local/lib/gcc/x86_64-linux-gnu/13.0.0/crtend.o] ==> obj [/usr/local/lib/gcc/x86_64-linux-gnu/13.0.0/crtend.o]
    arg [/lib/x86_64-linux-gnu/crtn.o] ==> obj [/lib/x86_64-linux-gnu/crtn.o]
  collapse library dir [/usr/local/lib/gcc/x86_64-linux-gnu/13.0.0] ==> [/usr/local/lib/gcc/x86_64-linux-gnu/13.0.0]
  collapse library dir [/usr/local/lib/gcc/x86_64-linux-gnu/13.0.0/../../../../lib64] ==> [/usr/local/lib64]
  collapse library dir [/lib/x86_64-linux-gnu] ==> [/lib/x86_64-linux-gnu]
  collapse library dir [/lib/../lib64] ==> [/lib64]
  collapse library dir [/usr/lib/x86_64-linux-gnu] ==> [/usr/lib/x86_64-linux-gnu]
  collapse library dir [/usr/lib/../lib64] ==> [/usr/lib64]
  collapse library dir [/usr/local/lib/gcc/x86_64-linux-gnu/13.0.0/../../..] ==> [/usr/local/lib]
  implicit libs: [stdc++;m;gcc_s;gcc;c;gcc_s;gcc]
  implicit objs: [/lib/x86_64-linux-gnu/crt1.o;/lib/x86_64-linux-gnu/crti.o;/usr/local/lib/gcc/x86_64-linux-gnu/13.0.0/crtbegin.o;/usr/local/lib/gcc/x86_64-linux-gnu/13.0.0/crtend.o;/lib/x86_64-linux-gnu/crtn.o]
  implicit dirs: [/usr/local/lib/gcc/x86_64-linux-gnu/13.0.0;/usr/local/lib64;/lib/x86_64-linux-gnu;/lib64;/usr/lib/x86_64-linux-gnu;/usr/lib64;/usr/local/lib]
  implicit fwks: []


Detecting C compiler ABI info compiled with the following output:
Change Dir: /home/eden/CollegeLearningRepo/DS_CurriculumDesign/BusRouteQuery/cmake-build-debug/CMakeFiles/CMakeTmp

Run Build Command(s):/usr/bin/gmake -f Makefile cmTC_7988e/fast && /usr/bin/gmake  -f CMakeFiles/cmTC_7988e.dir/build.make CMakeFiles/cmTC_7988e.dir/build
gmake[1]: Entering directory '/home/eden/CollegeLearningRepo/DS_CurriculumDesign/BusRouteQuery/cmake-build-debug/CMakeFiles/CMakeTmp'
Building C object CMakeFiles/cmTC_7988e.dir/CMakeCCompilerABI.c.o
/usr/local/bin/gcc   -v -o CMakeFiles/cmTC_7988e.dir/CMakeCCompilerABI.c.o -c /usr/share/cmake-3.22/Modules/CMakeCCompilerABI.c
Using built-in specs.
COLLECT_GCC=/usr/local/bin/gcc
Target: x86_64-linux-gnu
Configured with: ../configure -v --build=x86_64-linux-gnu --host=x86_64-linux-gnu --target=x86_64-linux-gnu --enable-checking=no --enable-languages=c,c++ --disable-multilib --prefix=/usr/local --disable-bootstrap
Thread model: posix
Supported LTO compression algorithms: zlib
gcc version 13.0.0 20221029 (experimental) (GCC) 
COLLECT_GCC_OPTIONS='-v' '-o' 'CMakeFiles/cmTC_7988e.dir/CMakeCCompilerABI.c.o' '-c' '-mtune=generic' '-march=x86-64' '-dumpdir' 'CMakeFiles/cmTC_7988e.dir/'
 /usr/local/libexec/gcc/x86_64-linux-gnu/13.0.0/cc1 -quiet -v -imultiarch x86_64-linux-gnu /usr/share/cmake-3.22/Modules/CMakeCCompilerABI.c -quiet -dumpdir CMakeFiles/cmTC_7988e.dir/ -dumpbase CMakeCCompilerABI.c.c -dumpbase-ext .c -mtune=generic -march=x86-64 -version -o /tmp/cc0CXKFw.s
GNU C17 (GCC) version 13.0.0 20221029 (experimental) (x86_64-linux-gnu)
	compiled by GNU C version 11.3.0, GMP version 6.2.1, MPFR version 4.1.0, MPC version 1.2.1, isl version isl-0.24-GMP

GGC heuristics: --param ggc-min-expand=100 --param ggc-min-heapsize=131072
ignoring nonexistent directory "/usr/local/include/x86_64-linux-gnu"
ignoring nonexistent directory "/usr/local/lib/gcc/x86_64-linux-gnu/13.0.0/../../../../x86_64-linux-gnu/include"
#include "..." search starts here:
#include <...> search starts here:
 /usr/local/lib/gcc/x86_64-linux-gnu/13.0.0/include
 /usr/local/include
 /usr/local/lib/gcc/x86_64-linux-gnu/13.0.0/include-fixed/x86_64-linux-gnu
 /usr/local/lib/gcc/x86_64-linux-gnu/13.0.0/include-fixed
 /usr/include/x86_64-linux-gnu
 /usr/include
End of search list.
GNU C17 (GCC) version 13.0.0 20221029 (experimental) (x86_64-linux-gnu)
	compiled by GNU C version 11.3.0, GMP version 6.2.1, MPFR version 4.1.0, MPC version 1.2.1, isl version isl-0.24-GMP

GGC heuristics: --param ggc-min-expand=100 --param ggc-min-heapsize=131072
Compiler executable checksum: 77eba5fecdc30dff79b33e9140a74058
COLLECT_GCC_OPTIONS='-v' '-o' 'CMakeFiles/cmTC_7988e.dir/CMakeCCompilerABI.c.o' '-c' '-mtune=generic' '-march=x86-64' '-dumpdir' 'CMakeFiles/cmTC_7988e.dir/'
 as -v --64 -o CMakeFiles/cmTC_7988e.dir/CMakeCCompilerABI.c.o /tmp/cc0CXKFw.s
GNU assembler version 2.38 (x86_64-linux-gnu) using BFD version (GNU Binutils for Ubuntu) 2.38
COMPILER_PATH=/usr/local/libexec/gcc/x86_64-linux-gnu/13.0.0/:/usr/local/libexec/gcc/x86_64-linux-gnu/13.0.0/:/usr/local/libexec/gcc/x86_64-linux-gnu/:/usr/local/lib/gcc/x86_64-linux-gnu/13.0.0/:/usr/local/lib/gcc/x86_64-linux-gnu/
LIBRARY_PATH=/usr/local/lib/gcc/x86_64-linux-gnu/13.0.0/:/usr/local/lib/gcc/x86_64-linux-gnu/13.0.0/../../../../lib64/:/lib/x86_64-linux-gnu/:/lib/../lib64/:/usr/lib/x86_64-linux-gnu/:/usr/lib/../lib64/:/usr/local/lib/gcc/x86_64-linux-gnu/13.0.0/../../../:/lib/:/usr/lib/
COLLECT_GCC_OPTIONS='-v' '-o' 'CMakeFiles/cmTC_7988e.dir/CMakeCCompilerABI.c.o' '-c' '-mtune=generic' '-march=x86-64' '-dumpdir' 'CMakeFiles/cmTC_7988e.dir/CMakeCCompilerABI.c.'
Linking C executable cmTC_7988e
/usr/bin/cmake -E cmake_link_script CMakeFiles/cmTC_7988e.dir/link.txt --verbose=1
/usr/local/bin/gcc  -v CMakeFiles/cmTC_7988e.dir/CMakeCCompilerABI.c.o -o cmTC_7988e 
Using built-in specs.
COLLECT_GCC=/usr/local/bin/gcc
COLLECT_LTO_WRAPPER=/usr/local/libexec/gcc/x86_64-linux-gnu/13.0.0/lto-wrapper
Target: x86_64-linux-gnu
Configured with: ../configure -v --build=x86_64-linux-gnu --host=x86_64-linux-gnu --target=x86_64-linux-gnu --enable-checking=no --enable-languages=c,c++ --disable-multilib --prefix=/usr/local --disable-bootstrap
Thread model: posix
Supported LTO compression algorithms: zlib
gcc version 13.0.0 20221029 (experimental) (GCC) 
COMPILER_PATH=/usr/local/libexec/gcc/x86_64-linux-gnu/13.0.0/:/usr/local/libexec/gcc/x86_64-linux-gnu/13.0.0/:/usr/local/libexec/gcc/x86_64-linux-gnu/:/usr/local/lib/gcc/x86_64-linux-gnu/13.0.0/:/usr/local/lib/gcc/x86_64-linux-gnu/
LIBRARY_PATH=/usr/local/lib/gcc/x86_64-linux-gnu/13.0.0/:/usr/local/lib/gcc/x86_64-linux-gnu/13.0.0/../../../../lib64/:/lib/x86_64-linux-gnu/:/lib/../lib64/:/usr/lib/x86_64-linux-gnu/:/usr/lib/../lib64/:/usr/local/lib/gcc/x86_64-linux-gnu/13.0.0/../../../:/lib/:/usr/lib/
COLLECT_GCC_OPTIONS='-v' '-o' 'cmTC_7988e' '-mtune=generic' '-march=x86-64' '-dumpdir' 'cmTC_7988e.'
 /usr/local/libexec/gcc/x86_64-linux-gnu/13.0.0/collect2 -plugin /usr/local/libexec/gcc/x86_64-linux-gnu/13.0.0/liblto_plugin.so -plugin-opt=/usr/local/libexec/gcc/x86_64-linux-gnu/13.0.0/lto-wrapper -plugin-opt=-fresolution=/tmp/ccw9xCMy.res -plugin-opt=-pass-through=-lgcc -plugin-opt=-pass-through=-lgcc_s -plugin-opt=-pass-through=-lc -plugin-opt=-pass-through=-lgcc -plugin-opt=-pass-through=-lgcc_s --eh-frame-hdr -m elf_x86_64 -dynamic-linker /lib64/ld-linux-x86-64.so.2 -o cmTC_7988e /lib/x86_64-linux-gnu/crt1.o /lib/x86_64-linux-gnu/crti.o /usr/local/lib/gcc/x86_64-linux-gnu/13.0.0/crtbegin.o -L/usr/local/lib/gcc/x86_64-linux-gnu/13.0.0 -L/usr/local/lib/gcc/x86_64-linux-gnu/13.0.0/../../../../lib64 -L/lib/x86_64-linux-gnu -L/lib/../lib64 -L/usr/lib/x86_64-linux-gnu -L/usr/lib/../lib64 -L/usr/local/lib/gcc/x86_64-linux-gnu/13.0.0/../../.. CMakeFiles/cmTC_7988e.dir/CMakeCCompilerABI.c.o -lgcc --push-state --as-needed -lgcc_s --pop-state -lc -lgcc --push-state --as-needed -lgcc_s --pop-state /usr/local/lib/gcc/x86_64-linux-gnu/13.0.0/crtend.o /lib/x86_64-linux-gnu/crtn.o
COLLECT_GCC_OPTIONS='-v' '-o' 'cmTC_7988e' '-mtune=generic' '-march=x86-64' '-dumpdir' 'cmTC_7988e.'
gmake[1]: Leaving directory '/home/eden/CollegeLearningRepo/DS_CurriculumDesign/BusRouteQuery/cmake-build-debug/CMakeFiles/CMakeTmp'



Parsed C implicit include dir info from above output: rv=done
  found start of include info
  found start of implicit include info
    add: [/usr/local/lib/gcc/x86_64-linux-gnu/13.0.0/include]
    add: [/usr/local/include]
    add: [/usr/local/lib/gcc/x86_64-linux-gnu/13.0.0/include-fixed/x86_64-linux-gnu]
    add: [/usr/local/lib/gcc/x86_64-linux-gnu/13.0.0/include-fixed]
    add: [/usr/include/x86_64-linux-gnu]
    add: [/usr/include]
  end of search list found
  collapse include dir [/usr/local/lib/gcc/x86_64-linux-gnu/13.0.0/include] ==> [/usr/local/lib/gcc/x86_64-linux-gnu/13.0.0/include]
  collapse include dir [/usr/local/include] ==> [/usr/local/include]
  collapse include dir [/usr/local/lib/gcc/x86_64-linux-gnu/13.0.0/include-fixed/x86_64-linux-gnu] ==> [/usr/local/lib/gcc/x86_64-linux-gnu/13.0.0/include-fixed/x86_64-linux-gnu]
  collapse include dir [/usr/local/lib/gcc/x86_64-linux-gnu/13.0.0/include-fixed] ==> [/usr/local/lib/gcc/x86_64-linux-gnu/13.0.0/include-fixed]
  collapse include dir [/usr/include/x86_64-linux-gnu] ==> [/usr/include/x86_64-linux-gnu]
  collapse include dir [/usr/include] ==> [/usr/include]
  implicit include dirs: [/usr/local/lib/gcc/x86_64-linux-gnu/13.0.0/include;/usr/local/include;/usr/local/lib/gcc/x86_64-linux-gnu/13.0.0/include-fixed/x86_64-linux-gnu;/usr/local/lib/gcc/x86_64-linux-gnu/13.0.0/include-fixed;/usr/include/x86_64-linux-gnu;/usr/include]


Parsed C implicit link information from above output:
  link line regex: [^( *|.*[/\])(ld|CMAKE_LINK_STARTFILE-NOTFOUND|([^/\]+-)?ld|collect2)[^/\]*( |$)]
  ignore line: [Change Dir: /home/eden/CollegeLearningRepo/DS_CurriculumDesign/BusRouteQuery/cmake-build-debug/CMakeFiles/CMakeTmp]
  ignore line: []
  ignore line: [Run Build Command(s):/usr/bin/gmake -f Makefile cmTC_7988e/fast && /usr/bin/gmake  -f CMakeFiles/cmTC_7988e.dir/build.make CMakeFiles/cmTC_7988e.dir/build]
  ignore line: [gmake[1]: Entering directory '/home/eden/CollegeLearningRepo/DS_CurriculumDesign/BusRouteQuery/cmake-build-debug/CMakeFiles/CMakeTmp']
  ignore line: [Building C object CMakeFiles/cmTC_7988e.dir/CMakeCCompilerABI.c.o]
  ignore line: [/usr/local/bin/gcc   -v -o CMakeFiles/cmTC_7988e.dir/CMakeCCompilerABI.c.o -c /usr/share/cmake-3.22/Modules/CMakeCCompilerABI.c]
  ignore line: [Using built-in specs.]
  ignore line: [COLLECT_GCC=/usr/local/bin/gcc]
  ignore line: [Target: x86_64-linux-gnu]
  ignore line: [Configured with: ../configure -v --build=x86_64-linux-gnu --host=x86_64-linux-gnu --target=x86_64-linux-gnu --enable-checking=no --enable-languages=c c++ --disable-multilib --prefix=/usr/local --disable-bootstrap]
  ignore line: [Thread model: posix]
  ignore line: [Supported LTO compression algorithms: zlib]
  ignore line: [gcc version 13.0.0 20221029 (experimental) (GCC) ]
  ignore line: [COLLECT_GCC_OPTIONS='-v' '-o' 'CMakeFiles/cmTC_7988e.dir/CMakeCCompilerABI.c.o' '-c' '-mtune=generic' '-march=x86-64' '-dumpdir' 'CMakeFiles/cmTC_7988e.dir/']
  ignore line: [ /usr/local/libexec/gcc/x86_64-linux-gnu/13.0.0/cc1 -quiet -v -imultiarch x86_64-linux-gnu /usr/share/cmake-3.22/Modules/CMakeCCompilerABI.c -quiet -dumpdir CMakeFiles/cmTC_7988e.dir/ -dumpbase CMakeCCompilerABI.c.c -dumpbase-ext .c -mtune=generic -march=x86-64 -version -o /tmp/cc0CXKFw.s]
  ignore line: [GNU C17 (GCC) version 13.0.0 20221029 (experimental) (x86_64-linux-gnu)]
  ignore line: [	compiled by GNU C version 11.3.0  GMP version 6.2.1  MPFR version 4.1.0  MPC version 1.2.1  isl version isl-0.24-GMP]
  ignore line: []
  ignore line: [GGC heuristics: --param ggc-min-expand=100 --param ggc-min-heapsize=131072]
  ignore line: [ignoring nonexistent directory "/usr/local/include/x86_64-linux-gnu"]
  ignore line: [ignoring nonexistent directory "/usr/local/lib/gcc/x86_64-linux-gnu/13.0.0/../../../../x86_64-linux-gnu/include"]
  ignore line: [#include "..." search starts here:]
  ignore line: [#include <...> search starts here:]
  ignore line: [ /usr/local/lib/gcc/x86_64-linux-gnu/13.0.0/include]
  ignore line: [ /usr/local/include]
  ignore line: [ /usr/local/lib/gcc/x86_64-linux-gnu/13.0.0/include-fixed/x86_64-linux-gnu]
  ignore line: [ /usr/local/lib/gcc/x86_64-linux-gnu/13.0.0/include-fixed]
  ignore line: [ /usr/include/x86_64-linux-gnu]
  ignore line: [ /usr/include]
  ignore line: [End of search list.]
  ignore line: [GNU C17 (GCC) version 13.0.0 20221029 (experimental) (x86_64-linux-gnu)]
  ignore line: [	compiled by GNU C version 11.3.0  GMP version 6.2.1  MPFR version 4.1.0  MPC version 1.2.1  isl version isl-0.24-GMP]
  ignore line: []
  ignore line: [GGC heuristics: --param ggc-min-expand=100 --param ggc-min-heapsize=131072]
  ignore line: [Compiler executable checksum: 77eba5fecdc30dff79b33e9140a74058]
  ignore line: [COLLECT_GCC_OPTIONS='-v' '-o' 'CMakeFiles/cmTC_7988e.dir/CMakeCCompilerABI.c.o' '-c' '-mtune=generic' '-march=x86-64' '-dumpdir' 'CMakeFiles/cmTC_7988e.dir/']
  ignore line: [ as -v --64 -o CMakeFiles/cmTC_7988e.dir/CMakeCCompilerABI.c.o /tmp/cc0CXKFw.s]
  ignore line: [GNU assembler version 2.38 (x86_64-linux-gnu) using BFD version (GNU Binutils for Ubuntu) 2.38]
  ignore line: [COMPILER_PATH=/usr/local/libexec/gcc/x86_64-linux-gnu/13.0.0/:/usr/local/libexec/gcc/x86_64-linux-gnu/13.0.0/:/usr/local/libexec/gcc/x86_64-linux-gnu/:/usr/local/lib/gcc/x86_64-linux-gnu/13.0.0/:/usr/local/lib/gcc/x86_64-linux-gnu/]
  ignore line: [LIBRARY_PATH=/usr/local/lib/gcc/x86_64-linux-gnu/13.0.0/:/usr/local/lib/gcc/x86_64-linux-gnu/13.0.0/../../../../lib64/:/lib/x86_64-linux-gnu/:/lib/../lib64/:/usr/lib/x86_64-linux-gnu/:/usr/lib/../lib64/:/usr/local/lib/gcc/x86_64-linux-gnu/13.0.0/../../../:/lib/:/usr/lib/]
  ignore line: [COLLECT_GCC_OPTIONS='-v' '-o' 'CMakeFiles/cmTC_7988e.dir/CMakeCCompilerABI.c.o' '-c' '-mtune=generic' '-march=x86-64' '-dumpdir' 'CMakeFiles/cmTC_7988e.dir/CMakeCCompilerABI.c.']
  ignore line: [Linking C executable cmTC_7988e]
  ignore line: [/usr/bin/cmake -E cmake_link_script CMakeFiles/cmTC_7988e.dir/link.txt --verbose=1]
  ignore line: [/usr/local/bin/gcc  -v CMakeFiles/cmTC_7988e.dir/CMakeCCompilerABI.c.o -o cmTC_7988e ]
  ignore line: [Using built-in specs.]
  ignore line: [COLLECT_GCC=/usr/local/bin/gcc]
  ignore line: [COLLECT_LTO_WRAPPER=/usr/local/libexec/gcc/x86_64-linux-gnu/13.0.0/lto-wrapper]
  ignore line: [Target: x86_64-linux-gnu]
  ignore line: [Configured with: ../configure -v --build=x86_64-linux-gnu --host=x86_64-linux-gnu --target=x86_64-linux-gnu --enable-checking=no --enable-languages=c c++ --disable-multilib --prefix=/usr/local --disable-bootstrap]
  ignore line: [Thread model: posix]
  ignore line: [Supported LTO compression algorithms: zlib]
  ignore line: [gcc version 13.0.0 20221029 (experimental) (GCC) ]
  ignore line: [COMPILER_PATH=/usr/local/libexec/gcc/x86_64-linux-gnu/13.0.0/:/usr/local/libexec/gcc/x86_64-linux-gnu/13.0.0/:/usr/local/libexec/gcc/x86_64-linux-gnu/:/usr/local/lib/gcc/x86_64-linux-gnu/13.0.0/:/usr/local/lib/gcc/x86_64-linux-gnu/]
  ignore line: [LIBRARY_PATH=/usr/local/lib/gcc/x86_64-linux-gnu/13.0.0/:/usr/local/lib/gcc/x86_64-linux-gnu/13.0.0/../../../../lib64/:/lib/x86_64-linux-gnu/:/lib/../lib64/:/usr/lib/x86_64-linux-gnu/:/usr/lib/../lib64/:/usr/local/lib/gcc/x86_64-linux-gnu/13.0.0/../../../:/lib/:/usr/lib/]
  ignore line: [COLLECT_GCC_OPTIONS='-v' '-o' 'cmTC_7988e' '-mtune=generic' '-march=x86-64' '-dumpdir' 'cmTC_7988e.']
  link line: [ /usr/local/libexec/gcc/x86_64-linux-gnu/13.0.0/collect2 -plugin /usr/local/libexec/gcc/x86_64-linux-gnu/13.0.0/liblto_plugin.so -plugin-opt=/usr/local/libexec/gcc/x86_64-linux-gnu/13.0.0/lto-wrapper -plugin-opt=-fresolution=/tmp/ccw9xCMy.res -plugin-opt=-pass-through=-lgcc -plugin-opt=-pass-through=-lgcc_s -plugin-opt=-pass-through=-lc -plugin-opt=-pass-through=-lgcc -plugin-opt=-pass-through=-lgcc_s --eh-frame-hdr -m elf_x86_64 -dynamic-linker /lib64/ld-linux-x86-64.so.2 -o cmTC_7988e /lib/x86_64-linux-gnu/crt1.o /lib/x86_64-linux-gnu/crti.o /usr/local/lib/gcc/x86_64-linux-gnu/13.0.0/crtbegin.o -L/usr/local/lib/gcc/x86_64-linux-gnu/13.0.0 -L/usr/local/lib/gcc/x86_64-linux-gnu/13.0.0/../../../../lib64 -L/lib/x86_64-linux-gnu -L/lib/../lib64 -L/usr/lib/x86_64-linux-gnu -L/usr/lib/../lib64 -L/usr/local/lib/gcc/x86_64-linux-gnu/13.0.0/../../.. CMakeFiles/cmTC_7988e.dir/CMakeCCompilerABI.c.o -lgcc --push-state --as-needed -lgcc_s --pop-state -lc -lgcc --push-state --as-needed -lgcc_s --pop-state /usr/local/lib/gcc/x86_64-linux-gnu/13.0.0/crtend.o /lib/x86_64-linux-gnu/crtn.o]
    arg [/usr/local/libexec/gcc/x86_64-linux-gnu/13.0.0/collect2] ==> ignore
    arg [-plugin] ==> ignore
    arg [/usr/local/libexec/gcc/x86_64-linux-gnu/13.0.0/liblto_plugin.so] ==> ignore
    arg [-plugin-opt=/usr/local/libexec/gcc/x86_64-linux-gnu/13.0.0/lto-wrapper] ==> ignore
    arg [-plugin-opt=-fresolution=/tmp/ccw9xCMy.res] ==> ignore
    arg [-plugin-opt=-pass-through=-lgcc] ==> ignore
    arg [-plugin-opt=-pass-through=-lgcc_s] ==> ignore
    arg [-plugin-opt=-pass-through=-lc] ==> ignore
    arg [-plugin-opt=-pass-through=-lgcc] ==> ignore
    arg [-plugin-opt=-pass-through=-lgcc_s] ==> ignore
    arg [--eh-frame-hdr] ==> ignore
    arg [-m] ==> ignore
    arg [elf_x86_64] ==> ignore
    arg [-dynamic-linker] ==> ignore
    arg [/lib64/ld-linux-x86-64.so.2] ==> ignore
    arg [-o] ==> ignore
    arg [cmTC_7988e] ==> ignore
    arg [/lib/x86_64-linux-gnu/crt1.o] ==> obj [/lib/x86_64-linux-gnu/crt1.o]
    arg [/lib/x86_64-linux-gnu/crti.o] ==> obj [/lib/x86_64-linux-gnu/crti.o]
    arg [/usr/local/lib/gcc/x86_64-linux-gnu/13.0.0/crtbegin.o] ==> obj [/usr/local/lib/gcc/x86_64-linux-gnu/13.0.0/crtbegin.o]
    arg [-L/usr/local/lib/gcc/x86_64-linux-gnu/13.0.0] ==> dir [/usr/local/lib/gcc/x86_64-linux-gnu/13.0.0]
    arg [-L/usr/local/lib/gcc/x86_64-linux-gnu/13.0.0/../../../../lib64] ==> dir [/usr/local/lib/gcc/x86_64-linux-gnu/13.0.0/../../../../lib64]
    arg [-L/lib/x86_64-linux-gnu] ==> dir [/lib/x86_64-linux-gnu]
    arg [-L/lib/../lib64] ==> dir [/lib/../lib64]
    arg [-L/usr/lib/x86_64-linux-gnu] ==> dir [/usr/lib/x86_64-linux-gnu]
    arg [-L/usr/lib/../lib64] ==> dir [/usr/lib/../lib64]
    arg [-L/usr/local/lib/gcc/x86_64-linux-gnu/13.0.0/../../..] ==> dir [/usr/local/lib/gcc/x86_64-linux-gnu/13.0.0/../../..]
    arg [CMakeFiles/cmTC_7988e.dir/CMakeCCompilerABI.c.o] ==> ignore
    arg [-lgcc] ==> lib [gcc]
    arg [--push-state] ==> ignore
    arg [--as-needed] ==> ignore
    arg [-lgcc_s] ==> lib [gcc_s]
    arg [--pop-state] ==> ignore
    arg [-lc] ==> lib [c]
    arg [-lgcc] ==> lib [gcc]
    arg [--push-state] ==> ignore
    arg [--as-needed] ==> ignore
    arg [-lgcc_s] ==> lib [gcc_s]
    arg [--pop-state] ==> ignore
    arg [/usr/local/lib/gcc/x86_64-linux-gnu/13.0.0/crtend.o] ==> obj [/usr/local/lib/gcc/x86_64-linux-gnu/13.0.0/crtend.o]
    arg [/lib/x86_64-linux-gnu/crtn.o] ==> obj [/lib/x86_64-linux-gnu/crtn.o]
  collapse library dir [/usr/local/lib/gcc/x86_64-linux-gnu/13.0.0] ==> [/usr/local/lib/gcc/x86_64-linux-gnu/13.0.0]
  collapse library dir [/usr/local/lib/gcc/x86_64-linux-gnu/13.0.0/../../../../lib64] ==> [/usr/local/lib64]
  collapse library dir [/lib/x86_64-linux-gnu] ==> [/lib/x86_64-linux-gnu]
  collapse library dir [/lib/../lib64] ==> [/lib64]
  collapse library dir [/usr/lib/x86_64-linux-gnu] ==> [/usr/lib/x86_64-linux-gnu]
  collapse library dir [/usr/lib/../lib64] ==> [/usr/lib64]
  collapse library dir [/usr/local/lib/gcc/x86_64-linux-gnu/13.0.0/../../..] ==> [/usr/local/lib]
  implicit libs: [gcc;gcc_s;c;gcc;gcc_s]
  implicit objs: [/lib/x86_64-linux-gnu/crt1.o;/lib/x86_64-linux-gnu/crti.o;/usr/local/lib/gcc/x86_64-linux-gnu/13.0.0/crtbegin.o;/usr/local/lib/gcc/x86_64-linux-gnu/13.0.0/crtend.o;/lib/x86_64-linux-gnu/crtn.o]
  implicit dirs: [/usr/local/lib/gcc/x86_64-linux-gnu/13.0.0;/usr/local/lib64;/lib/x86_64-linux-gnu;/lib64;/usr/lib/x86_64-linux-gnu;/usr/lib64;/usr/local/lib]
  implicit fwks: []


